#
# There is insufficient memory for the Java Runtime Environment to continue.
# Native memory allocation (malloc) failed to allocate 210576 bytes for Chunk::new
# Possible reasons:
#   The system is out of physical RAM or swap space
#   The process is running with CompressedOops enabled, and the Java Heap may be blocking the growth of the native heap
# Possible solutions:
#   Reduce memory load on the system
#   Increase physical memory or swap space
#   Check if swap backing store is full
#   Decrease Java heap size (-Xmx/-Xms)
#   Decrease number of Java threads
#   Decrease Java thread stack sizes (-Xss)
#   Set larger code cache with -XX:ReservedCodeCacheSize=
#   JVM is running with Unscaled Compressed Oops mode in which the Java heap is
#     placed in the first 4GB address space. The Java Heap base address is the
#     maximum limit for the native heap growth. Please use -XX:HeapBaseMinAddress
#     to set the Java Heap base and to place the Java Heap above 4GB virtual address.
# This output file may be truncated or incomplete.
#
#  Out of Memory Error (allocation.cpp:389), pid=896, tid=0x00000000000015f8
#
# JRE version: Java(TM) SE Runtime Environment (8.0_221-b11) (build 1.8.0_221-b11)
# Java VM: Java HotSpot(TM) 64-Bit Server VM (25.221-b11 mixed mode windows-amd64 compressed oops)
# Failed to write core dump. Minidumps are not enabled by default on client versions of Windows
#

---------------  T H R E A D  ---------------

Current thread (0x00000000569f1000):  JavaThread "C2 CompilerThread0" daemon [_thread_in_native, id=5624, stack(0x0000000057010000,0x0000000057110000)]

Stack: [0x0000000057010000,0x0000000057110000]
[error occurred during error reporting (printing stack bounds), id 0xc0000005]

Native frames: (J=compiled Java code, j=interpreted, Vv=VM code, C=native code)


Current CompileTask:
C2:  73323 3833       4       org.hsqldb.map.BaseHashMap::addOrRemove (764 bytes)


---------------  P R O C E S S  ---------------

Java Threads: ( => current thread )
  0x000000005c7d5800 JavaThread "Prism Font Disposer" daemon [_thread_blocked, id=4856, stack(0x000000005dc20000,0x000000005dd20000)]
  0x00000000577f3800 JavaThread "MemoryTimer-usersDb.accdb" daemon [_thread_blocked, id=5808, stack(0x000000005bca0000,0x000000005bda0000)]
  0x00000000576cb800 JavaThread "Thread-3" daemon [_thread_in_native, id=2172, stack(0x000000005a280000,0x000000005a380000)]
  0x000000005764c000 JavaThread "JavaFX-Launcher" [_thread_blocked, id=2724, stack(0x0000000059f30000,0x000000005a030000)]
  0x000000005761b800 JavaThread "JavaFX Application Thread" [_thread_in_native, id=5132, stack(0x00000000585a0000,0x00000000586a0000)]
  0x0000000057613800 JavaThread "Thread-1" daemon [_thread_blocked, id=3448, stack(0x0000000058490000,0x0000000058590000)]
  0x00000000575ea000 JavaThread "QuantumRenderer-0" daemon [_thread_blocked, id=3296, stack(0x0000000057ea0000,0x0000000057fa0000)]
  0x0000000056aae000 JavaThread "Service Thread" daemon [_thread_blocked, id=2064, stack(0x00000000572b0000,0x00000000573b0000)]
  0x0000000056a52800 JavaThread "C1 CompilerThread2" daemon [_thread_blocked, id=5820, stack(0x0000000056df0000,0x0000000056ef0000)]
  0x00000000569f1800 JavaThread "C2 CompilerThread1" daemon [_thread_blocked, id=7196, stack(0x0000000057110000,0x0000000057210000)]
=>0x00000000569f1000 JavaThread "C2 CompilerThread0" daemon [_thread_in_native, id=5624, stack(0x0000000057010000,0x0000000057110000)]
  0x00000000569a8000 JavaThread "Monitor Ctrl-Break" daemon [_thread_in_native, id=1936, stack(0x0000000056f00000,0x0000000057000000)]
  0x00000000553bd000 JavaThread "Attach Listener" daemon [_thread_blocked, id=6688, stack(0x00000000566e0000,0x00000000567e0000)]
  0x00000000553b8800 JavaThread "Signal Dispatcher" daemon [_thread_blocked, id=1736, stack(0x0000000056860000,0x0000000056960000)]
  0x000000005539b800 JavaThread "Finalizer" daemon [_thread_blocked, id=5976, stack(0x0000000056410000,0x0000000056510000)]
  0x0000000055394800 JavaThread "Reference Handler" daemon [_thread_blocked, id=1152, stack(0x0000000056570000,0x0000000056670000)]
  0x0000000002308000 JavaThread "main" [_thread_blocked, id=6896, stack(0x00000000024c0000,0x00000000025c0000)]

Other Threads:
  0x000000005534d000 VMThread [stack: 0x00000000562f0000,0x00000000563f0000] [id=4640]
  0x0000000056ad1000 WatcherThread [stack: 0x00000000573c0000,0x00000000574c0000] [id=7352]

VM state:not at safepoint (normal execution)

VM Mutex/Monitor currently owned by a thread: None

heap address: 0x00000000c2400000, size: 988 MB, Compressed Oops mode: 32-bit
Narrow klass base: 0x0000000000000000, Narrow klass shift: 0
Compressed class space size: 1073741824 Address: 0x00000000149c0000

Heap:
 PSYoungGen      total 23552K, used 19151K [0x00000000eb700000, 0x00000000ede80000, 0x0000000100000000)
  eden space 15872K, 76% used [0x00000000eb700000,0x00000000ec2cf398,0x00000000ec680000)
  from space 7680K, 91% used [0x00000000ec680000,0x00000000ecd64b08,0x00000000ece00000)
  to   space 8704K, 0% used [0x00000000ed600000,0x00000000ed600000,0x00000000ede80000)
 ParOldGen       total 38400K, used 10579K [0x00000000c2400000, 0x00000000c4980000, 0x00000000eb700000)
  object space 38400K, 27% used [0x00000000c2400000,0x00000000c2e54ec0,0x00000000c4980000)
 Metaspace       used 26579K, capacity 27430K, committed 27568K, reserved 1073152K
  class space    used 3235K, capacity 3456K, committed 3504K, reserved 1048576K

Card table byte_map: [0x0000000011ed0000,0x00000000120c0000] byte_map_base: 0x00000000118be000

Marking Bits: (ParMarkBitMap*) 0x0000000063a45ce0
 Begin Bits: [0x00000000128f0000, 0x0000000013860000)
 End Bits:   [0x0000000013860000, 0x00000000147d0000)

Polling page: 0x0000000000130000

CodeCache: size=245760Kb used=11152Kb max_used=11181Kb free=234607Kb
 bounds [0x0000000002b10000, 0x0000000003610000, 0x0000000011b10000]
 total_blobs=4358 nmethods=3589 adapters=680
 compilation: enabled

Compilation events (10 events):
Event: 73.224 Thread 0x0000000056a52800 3829       3       java.util.regex.Pattern::addFlag (217 bytes)
Event: 73.225 Thread 0x0000000056a52800 nmethod 3829 0x0000000003602f50 code [0x0000000003603140, 0x00000000036039d8]
Event: 73.229 Thread 0x00000000569f1800 nmethod 3828 0x0000000002cdb110 code [0x0000000002cdb260, 0x0000000002cdb4d8]
Event: 73.230 Thread 0x00000000569f1000 3833       4       org.hsqldb.map.BaseHashMap::addOrRemove (764 bytes)
Event: 73.230 Thread 0x00000000569f1800 3830       4       java.util.regex.Pattern::append (39 bytes)
Event: 73.231 Thread 0x00000000569f1800 nmethod 3830 0x0000000002c7cc10 code [0x0000000002c7cd40, 0x0000000002c7cdf8]
Event: 73.232 Thread 0x0000000056a52800 3832       3       org.hsqldb.Expression::collectAllExpressions (129 bytes)
Event: 73.236 Thread 0x0000000056a52800 nmethod 3832 0x0000000003605410 code [0x0000000003605660, 0x00000000036065b8]
Event: 73.237 Thread 0x0000000056a52800 3831       3       java.lang.String::replaceAll (13 bytes)
Event: 73.237 Thread 0x0000000056a52800 nmethod 3831 0x0000000002cdaa50 code [0x0000000002cdabe0, 0x0000000002cdafa8]

GC Heap History (10 events):
Event: 8.779 GC heap before
{Heap before GC invocations=4 (full 0):
 PSYoungGen      total 18432K, used 18411K [0x00000000eb700000, 0x00000000ecb80000, 0x0000000100000000)
  eden space 15872K, 100% used [0x00000000eb700000,0x00000000ec680000,0x00000000ec680000)
  from space 2560K, 99% used [0x00000000ec680000,0x00000000ec8fae20,0x00000000ec900000)
  to   space 2560K, 0% used [0x00000000ec900000,0x00000000ec900000,0x00000000ecb80000)
 ParOldGen       total 42496K, used 6200K [0x00000000c2400000, 0x00000000c4d80000, 0x00000000eb700000)
  object space 42496K, 14% used [0x00000000c2400000,0x00000000c2a0e2f8,0x00000000c4d80000)
 Metaspace       used 19061K, capacity 19510K, committed 19712K, reserved 1067008K
  class space    used 2069K, capacity 2224K, committed 2304K, reserved 1048576K
Event: 8.791 GC heap after
Heap after GC invocations=4 (full 0):
 PSYoungGen      total 18432K, used 2560K [0x00000000eb700000, 0x00000000ecb80000, 0x0000000100000000)
  eden space 15872K, 0% used [0x00000000eb700000,0x00000000eb700000,0x00000000ec680000)
  from space 2560K, 100% used [0x00000000ec900000,0x00000000ecb80000,0x00000000ecb80000)
  to   space 2560K, 0% used [0x00000000ec680000,0x00000000ec680000,0x00000000ec900000)
 ParOldGen       total 42496K, used 8900K [0x00000000c2400000, 0x00000000c4d80000, 0x00000000eb700000)
  object space 42496K, 20% used [0x00000000c2400000,0x00000000c2cb1068,0x00000000c4d80000)
 Metaspace       used 19061K, capacity 19510K, committed 19712K, reserved 1067008K
  class space    used 2069K, capacity 2224K, committed 2304K, reserved 1048576K
}
Event: 9.567 GC heap before
{Heap before GC invocations=5 (full 0):
 PSYoungGen      total 18432K, used 9896K [0x00000000eb700000, 0x00000000ecb80000, 0x0000000100000000)
  eden space 15872K, 46% used [0x00000000eb700000,0x00000000ebe2a1c0,0x00000000ec680000)
  from space 2560K, 100% used [0x00000000ec900000,0x00000000ecb80000,0x00000000ecb80000)
  to   space 2560K, 0% used [0x00000000ec680000,0x00000000ec680000,0x00000000ec900000)
 ParOldGen       total 42496K, used 8900K [0x00000000c2400000, 0x00000000c4d80000, 0x00000000eb700000)
  object space 42496K, 20% used [0x00000000c2400000,0x00000000c2cb1068,0x00000000c4d80000)
 Metaspace       used 20754K, capacity 21196K, committed 21296K, reserved 1069056K
  class space    used 2436K, capacity 2601K, committed 2608K, reserved 1048576K
Event: 9.575 GC heap after
Heap after GC invocations=5 (full 0):
 PSYoungGen      total 18432K, used 2560K [0x00000000eb700000, 0x00000000ed580000, 0x0000000100000000)
  eden space 15872K, 0% used [0x00000000eb700000,0x00000000eb700000,0x00000000ec680000)
  from space 2560K, 100% used [0x00000000ec680000,0x00000000ec900000,0x00000000ec900000)
  to   space 7680K, 0% used [0x00000000ece00000,0x00000000ece00000,0x00000000ed580000)
 ParOldGen       total 42496K, used 9982K [0x00000000c2400000, 0x00000000c4d80000, 0x00000000eb700000)
  object space 42496K, 23% used [0x00000000c2400000,0x00000000c2dbfa50,0x00000000c4d80000)
 Metaspace       used 20754K, capacity 21196K, committed 21296K, reserved 1069056K
  class space    used 2436K, capacity 2601K, committed 2608K, reserved 1048576K
}
Event: 9.575 GC heap before
{Heap before GC invocations=6 (full 1):
 PSYoungGen      total 18432K, used 2560K [0x00000000eb700000, 0x00000000ed580000, 0x0000000100000000)
  eden space 15872K, 0% used [0x00000000eb700000,0x00000000eb700000,0x00000000ec680000)
  from space 2560K, 100% used [0x00000000ec680000,0x00000000ec900000,0x00000000ec900000)
  to   space 7680K, 0% used [0x00000000ece00000,0x00000000ece00000,0x00000000ed580000)
 ParOldGen       total 42496K, used 9982K [0x00000000c2400000, 0x00000000c4d80000, 0x00000000eb700000)
  object space 42496K, 23% used [0x00000000c2400000,0x00000000c2dbfa50,0x00000000c4d80000)
 Metaspace       used 20754K, capacity 21196K, committed 21296K, reserved 1069056K
  class space    used 2436K, capacity 2601K, committed 2608K, reserved 1048576K
Event: 9.639 GC heap after
Heap after GC invocations=6 (full 1):
 PSYoungGen      total 18432K, used 0K [0x00000000eb700000, 0x00000000ed580000, 0x0000000100000000)
  eden space 15872K, 0% used [0x00000000eb700000,0x00000000eb700000,0x00000000ec680000)
  from space 2560K, 0% used [0x00000000ec680000,0x00000000ec680000,0x00000000ec900000)
  to   space 7680K, 0% used [0x00000000ece00000,0x00000000ece00000,0x00000000ed580000)
 ParOldGen       total 38400K, used 10563K [0x00000000c2400000, 0x00000000c4980000, 0x00000000eb700000)
  object space 38400K, 27% used [0x00000000c2400000,0x00000000c2e50ec0,0x00000000c4980000)
 Metaspace       used 20754K, capacity 21196K, committed 21296K, reserved 1069056K
  class space    used 2436K, capacity 2601K, committed 2608K, reserved 1048576K
}
Event: 30.578 GC heap before
{Heap before GC invocations=7 (full 1):
 PSYoungGen      total 18432K, used 15872K [0x00000000eb700000, 0x00000000ed580000, 0x0000000100000000)
  eden space 15872K, 100% used [0x00000000eb700000,0x00000000ec680000,0x00000000ec680000)
  from space 2560K, 0% used [0x00000000ec680000,0x00000000ec680000,0x00000000ec900000)
  to   space 7680K, 0% used [0x00000000ece00000,0x00000000ece00000,0x00000000ed580000)
 ParOldGen       total 38400K, used 10563K [0x00000000c2400000, 0x00000000c4980000, 0x00000000eb700000)
  object space 38400K, 27% used [0x00000000c2400000,0x00000000c2e50ec0,0x00000000c4980000)
 Metaspace       used 24565K, capacity 25288K, committed 25648K, reserved 1071104K
  class space    used 3033K, capacity 3265K, committed 3376K, reserved 1048576K
Event: 30.588 GC heap after
Heap after GC invocations=7 (full 1):
 PSYoungGen      total 23552K, used 2418K [0x00000000eb700000, 0x00000000edd80000, 0x0000000100000000)
  eden space 15872K, 0% used [0x00000000eb700000,0x00000000eb700000,0x00000000ec680000)
  from space 7680K, 31% used [0x00000000ece00000,0x00000000ed05cb18,0x00000000ed580000)
  to   space 7680K, 0% used [0x00000000ec680000,0x00000000ec680000,0x00000000ece00000)
 ParOldGen       total 38400K, used 10571K [0x00000000c2400000, 0x00000000c4980000, 0x00000000eb700000)
  object space 38400K, 27% used [0x00000000c2400000,0x00000000c2e52ec0,0x00000000c4980000)
 Metaspace       used 24565K, capacity 25288K, committed 25648K, reserved 1071104K
  class space    used 3033K, capacity 3265K, committed 3376K, reserved 1048576K
}
Event: 41.816 GC heap before
{Heap before GC invocations=8 (full 1):
 PSYoungGen      total 23552K, used 18281K [0x00000000eb700000, 0x00000000edd80000, 0x0000000100000000)
  eden space 15872K, 99% used [0x00000000eb700000,0x00000000ec67da00,0x00000000ec680000)
  from space 7680K, 31% used [0x00000000ece00000,0x00000000ed05cb18,0x00000000ed580000)
  to   space 7680K, 0% used [0x00000000ec680000,0x00000000ec680000,0x00000000ece00000)
 ParOldGen       total 38400K, used 10571K [0x00000000c2400000, 0x00000000c4980000, 0x00000000eb700000)
  object space 38400K, 27% used [0x00000000c2400000,0x00000000c2e52ec0,0x00000000c4980000)
 Metaspace       used 25798K, capacity 26632K, committed 26800K, reserved 1073152K
  class space    used 3170K, capacity 3389K, committed 3504K, reserved 1048576K
Event: 41.822 GC heap after
Heap after GC invocations=8 (full 1):
 PSYoungGen      total 23552K, used 7058K [0x00000000eb700000, 0x00000000ede80000, 0x0000000100000000)
  eden space 15872K, 0% used [0x00000000eb700000,0x00000000eb700000,0x00000000ec680000)
  from space 7680K, 91% used [0x00000000ec680000,0x00000000ecd64b08,0x00000000ece00000)
  to   space 8704K, 0% used [0x00000000ed600000,0x00000000ed600000,0x00000000ede80000)
 ParOldGen       total 38400K, used 10579K [0x00000000c2400000, 0x00000000c4980000, 0x00000000eb700000)
  object space 38400K, 27% used [0x00000000c2400000,0x00000000c2e54ec0,0x00000000c4980000)
 Metaspace       used 25798K, capacity 26632K, committed 26800K, reserved 1073152K
  class space    used 3170K, capacity 3389K, committed 3504K, reserved 1048576K
}

Deoptimization events (10 events):
Event: 42.186 Thread 0x000000005761b800 Uncommon trap: reason=unstable_if action=reinterpret pc=0x0000000003025b00 method=org.sqlite.SQLiteJDBCLoader.contentsEquals(Ljava/io/InputStream;Ljava/io/InputStream;)Z @ 39
Event: 42.626 Thread 0x000000005761b800 Uncommon trap: reason=class_check action=maybe_recompile pc=0x00000000034ad970 method=com.sun.javafx.css.StyleMap.getCascadingStyles()Ljava/util/Map; @ 77
Event: 42.626 Thread 0x000000005761b800 Uncommon trap: reason=class_check action=maybe_recompile pc=0x00000000034ad970 method=com.sun.javafx.css.StyleMap.getCascadingStyles()Ljava/util/Map; @ 77
Event: 42.630 Thread 0x000000005761b800 Uncommon trap: reason=class_check action=maybe_recompile pc=0x00000000034ad970 method=com.sun.javafx.css.StyleMap.getCascadingStyles()Ljava/util/Map; @ 77
Event: 42.632 Thread 0x000000005761b800 Uncommon trap: reason=class_check action=maybe_recompile pc=0x0000000002cc1d78 method=com.sun.javafx.collections.ObservableMapWrapper.get(Ljava/lang/Object;)Ljava/lang/Object; @ 5
Event: 42.634 Thread 0x000000005761b800 Uncommon trap: reason=class_check action=maybe_recompile pc=0x0000000002cc1d78 method=com.sun.javafx.collections.ObservableMapWrapper.get(Ljava/lang/Object;)Ljava/lang/Object; @ 5
Event: 48.050 Thread 0x000000005761b800 Uncommon trap: reason=array_check action=maybe_recompile pc=0x000000000352a0a0 method=com.sun.javafx.css.SimpleSelector.applies(Ljavafx/css/Styleable;[Ljava/util/Set;I)Z @ 37
Event: 48.050 Thread 0x000000005761b800 Uncommon trap: reason=array_check action=maybe_recompile pc=0x000000000352a0a0 method=com.sun.javafx.css.SimpleSelector.applies(Ljavafx/css/Styleable;[Ljava/util/Set;I)Z @ 37
Event: 48.050 Thread 0x000000005761b800 Uncommon trap: reason=array_check action=maybe_recompile pc=0x000000000352a0a0 method=com.sun.javafx.css.SimpleSelector.applies(Ljavafx/css/Styleable;[Ljava/util/Set;I)Z @ 37
Event: 48.050 Thread 0x000000005761b800 Uncommon trap: reason=array_check action=maybe_recompile pc=0x000000000352a0a0 method=com.sun.javafx.css.SimpleSelector.applies(Ljavafx/css/Styleable;[Ljava/util/Set;I)Z @ 37

Classes redefined (0 events):
No events

Internal exceptions (10 events):
Event: 0.843 Thread 0x0000000002308000 Exception <a 'java/security/PrivilegedActionException'> (0x00000000ebaf86a0) thrown at [C:\re\workspace\8-2-build-windows-amd64-cygwin\jdk8u221\13320\hotspot\src\share\vm\prims\jvm.cpp, line 1502]
Event: 0.844 Thread 0x0000000002308000 Exception <a 'java/lang/NullPointerException'> (0x00000000ebaf90a8) thrown at [C:\re\workspace\8-2-build-windows-amd64-cygwin\jdk8u221\13320\hotspot\src\share\vm\interpreter\linkResolver.cpp, line 1185]
Event: 2.234 Thread 0x0000000002308000 Implicit null exception at 0x0000000002c2cac5 to 0x0000000002c2cc89
Event: 5.349 Thread 0x000000005761b800 Implicit null exception at 0x0000000002d424c6 to 0x0000000002d42851
Event: 5.843 Thread 0x000000005761b800 Exception <a 'java/lang/NoClassDefFoundError': org/apache/log4j/Priority> (0x00000000ebbd47d8) thrown at [C:\re\workspace\8-2-build-windows-amd64-cygwin\jdk8u221\13320\hotspot\src\share\vm\classfile\systemDictionary.cpp, line 199]
Event: 8.222 Thread 0x000000005761b800 Exception <a 'java/lang/NullPointerException'> (0x00000000ebf25c38) thrown at [C:\re\workspace\8-2-build-windows-amd64-cygwin\jdk8u221\13320\hotspot\src\share\vm\interpreter\linkResolver.cpp, line 1185]
Event: 8.222 Thread 0x000000005761b800 Exception <a 'java/lang/NullPointerException'> (0x00000000ebf25c38) thrown at [C:\re\workspace\8-2-build-windows-amd64-cygwin\jdk8u221\13320\hotspot\src\share\vm\prims\jvm.cpp, line 1506]
Event: 8.772 Thread 0x000000005761b800 Exception <a 'java/lang/ArrayIndexOutOfBoundsException': 58> (0x00000000ec643e80) thrown at [C:\re\workspace\8-2-build-windows-amd64-cygwin\jdk8u221\13320\hotspot\src\share\vm\interpreter\interpreterRuntime.cpp, line 368]
Event: 8.772 Thread 0x000000005761b800 Exception <a 'java/lang/ArrayIndexOutOfBoundsException': 18> (0x00000000ec6463f0) thrown at [C:\re\workspace\8-2-build-windows-amd64-cygwin\jdk8u221\13320\hotspot\src\share\vm\interpreter\interpreterRuntime.cpp, line 368]
Event: 8.773 Thread 0x000000005761b800 Exception <a 'java/lang/ArrayIndexOutOfBoundsException': 86> (0x00000000ec648148) thrown at [C:\re\workspace\8-2-build-windows-amd64-cygwin\jdk8u221\13320\hotspot\src\share\vm\interpreter\interpreterRuntime.cpp, line 368]

Events (10 events):
Event: 73.231 Thread 0x00000000569f1800 flushing nmethod 0x0000000002de48d0
Event: 73.231 Thread 0x00000000569f1800 flushing nmethod 0x0000000002de4c10
Event: 73.231 Thread 0x00000000569f1800 flushing nmethod 0x0000000002e0a950
Event: 73.237 Thread 0x0000000056a52800 flushing nmethod 0x0000000002eda4d0
Event: 73.237 Thread 0x0000000056a52800 flushing nmethod 0x0000000002ee5d90
Event: 73.237 Thread 0x0000000056a52800 flushing nmethod 0x0000000002ee6290
Event: 73.237 Thread 0x0000000056a52800 flushing nmethod 0x0000000002ef1050
Event: 73.238 Thread 0x0000000056a52800 flushing nmethod 0x0000000002f12290
Event: 73.238 Thread 0x0000000056a52800 flushing nmethod 0x0000000002f23650
Event: 73.238 Thread 0x0000000056a52800 flushing nmethod 0x0000000002f2f650


Dynamic libraries:
0x000000013ff10000 - 0x000000013ff47000 	C:\Program Files\Java\jdk1.8.0_221\bin\java.exe
0x0000000077920000 - 0x0000000077abf000 	C:\Windows\SYSTEM32\ntdll.dll
0x0000000077700000 - 0x000000007781f000 	C:\Windows\system32\kernel32.dll
0x000007fefd520000 - 0x000007fefd587000 	C:\Windows\system32\KERNELBASE.dll
0x000007fefdfe0000 - 0x000007fefe0bb000 	C:\Windows\system32\ADVAPI32.dll
0x000007fefeb00000 - 0x000007fefeb9f000 	C:\Windows\system32\msvcrt.dll
0x000007fefe700000 - 0x000007fefe71f000 	C:\Windows\SYSTEM32\sechost.dll
0x000007fefdc90000 - 0x000007fefddbc000 	C:\Windows\system32\RPCRT4.dll
0x0000000077820000 - 0x000000007791b000 	C:\Windows\system32\USER32.dll
0x000007fefdf70000 - 0x000007fefdfd7000 	C:\Windows\system32\GDI32.dll
0x000007fefe820000 - 0x000007fefe82e000 	C:\Windows\system32\LPK.dll
0x000007feff9c0000 - 0x000007feffa8b000 	C:\Windows\system32\USP10.dll
0x000007fefbff0000 - 0x000007fefc1e5000 	C:\Windows\WinSxS\amd64_microsoft.windows.common-controls_6595b64144ccf1df_6.0.7601.24483_none_e372d88f30fbb845\COMCTL32.dll
0x000007feff940000 - 0x000007feff9b1000 	C:\Windows\system32\SHLWAPI.dll
0x000007fefe0c0000 - 0x000007fefe0ee000 	C:\Windows\system32\IMM32.DLL
0x000007fefe5a0000 - 0x000007fefe6ab000 	C:\Windows\system32\MSCTF.dll
0x0000000073f60000 - 0x0000000074032000 	C:\Program Files\Java\jdk1.8.0_221\jre\bin\msvcr100.dll
0x0000000063220000 - 0x0000000063ac5000 	C:\Program Files\Java\jdk1.8.0_221\jre\bin\server\jvm.dll
0x000007fef8860000 - 0x000007fef8869000 	C:\Windows\system32\WSOCK32.dll
0x000007fefe6b0000 - 0x000007fefe6fd000 	C:\Windows\system32\WS2_32.dll
0x000007feff930000 - 0x000007feff938000 	C:\Windows\system32\NSI.dll
0x000007fefa200000 - 0x000007fefa23b000 	C:\Windows\system32\WINMM.dll
0x000007fefc550000 - 0x000007fefc55c000 	C:\Windows\system32\VERSION.dll
0x0000000077ad0000 - 0x0000000077ad7000 	C:\Windows\system32\PSAPI.DLL
0x000007feed880000 - 0x000007feed88f000 	C:\Program Files\Java\jdk1.8.0_221\jre\bin\verify.dll
0x000007fee3e50000 - 0x000007fee3e79000 	C:\Program Files\Java\jdk1.8.0_221\jre\bin\java.dll
0x000007fee3e80000 - 0x000007fee3ea3000 	C:\Program Files\Java\jdk1.8.0_221\jre\bin\instrument.dll
0x000007fee3e30000 - 0x000007fee3e46000 	C:\Program Files\Java\jdk1.8.0_221\jre\bin\zip.dll
0x000007fefeba0000 - 0x000007feff92b000 	C:\Windows\system32\SHELL32.dll
0x000007fefda90000 - 0x000007fefdc8f000 	C:\Windows\system32\ole32.dll
0x000007fefd480000 - 0x000007fefd48f000 	C:\Windows\system32\profapi.dll
0x000007fee3e10000 - 0x000007fee3e2a000 	C:\Users\Rahul\AppData\Local\JetBrains\Toolbox\apps\IDEA-U\ch-0\193.6015.39\bin\breakgen64.dll
0x000007fee3df0000 - 0x000007fee3e0a000 	C:\Program Files\Java\jdk1.8.0_221\jre\bin\net.dll
0x000007fefddc0000 - 0x000007fefdf4a000 	C:\Windows\system32\urlmon.dll
0x000007fefd820000 - 0x000007fefd824000 	C:\Windows\system32\api-ms-win-downlevel-ole32-l1-1-0.dll
0x000007fefd5f0000 - 0x000007fefd5f4000 	C:\Windows\system32\api-ms-win-downlevel-shlwapi-l1-1-0.dll
0x000007fefd510000 - 0x000007fefd515000 	C:\Windows\system32\api-ms-win-downlevel-advapi32-l1-1-0.dll
0x000007fefd810000 - 0x000007fefd814000 	C:\Windows\system32\api-ms-win-downlevel-user32-l1-1-0.dll
0x000007fefd5e0000 - 0x000007fefd5e4000 	C:\Windows\system32\api-ms-win-downlevel-version-l1-1-0.dll
0x000007fefd5d0000 - 0x000007fefd5d3000 	C:\Windows\system32\api-ms-win-downlevel-normaliz-l1-1-0.dll
0x0000000077ac0000 - 0x0000000077ac3000 	C:\Windows\system32\normaliz.DLL
0x000007fefe830000 - 0x000007fefeafc000 	C:\Windows\system32\iertutil.dll
0x000007fefe0f0000 - 0x000007fefe59c000 	C:\Windows\system32\WININET.dll
0x000007fefd4b0000 - 0x000007fefd4cf000 	C:\Windows\system32\USERENV.dll
0x000007fefcb60000 - 0x000007fefcbb5000 	C:\Windows\system32\mswsock.dll
0x000007fefcc00000 - 0x000007fefcc07000 	C:\Windows\System32\wship6.dll
0x000007fefb090000 - 0x000007fefb093000 	C:\Program Files\Java\jdk1.8.0_221\jre\bin\api-ms-win-core-console-l1-1-0.dll
0x000007fef5ea0000 - 0x000007fef5ea3000 	C:\Program Files\Java\jdk1.8.0_221\jre\bin\api-ms-win-core-datetime-l1-1-0.dll
0x000007fee3de0000 - 0x000007fee3de3000 	C:\Program Files\Java\jdk1.8.0_221\jre\bin\api-ms-win-core-debug-l1-1-0.dll
0x000007fee3b50000 - 0x000007fee3b53000 	C:\Program Files\Java\jdk1.8.0_221\jre\bin\api-ms-win-core-errorhandling-l1-1-0.dll
0x000007fee34a0000 - 0x000007fee34a4000 	C:\Program Files\Java\jdk1.8.0_221\jre\bin\api-ms-win-core-file-l1-1-0.dll
0x000007fee3250000 - 0x000007fee3253000 	C:\Program Files\Java\jdk1.8.0_221\jre\bin\api-ms-win-core-file-l1-2-0.dll
0x000007fee3240000 - 0x000007fee3243000 	C:\Program Files\Java\jdk1.8.0_221\jre\bin\api-ms-win-core-file-l2-1-0.dll
0x000007fee3230000 - 0x000007fee3233000 	C:\Program Files\Java\jdk1.8.0_221\jre\bin\api-ms-win-core-handle-l1-1-0.dll
0x000007fee3220000 - 0x000007fee3223000 	C:\Program Files\Java\jdk1.8.0_221\jre\bin\api-ms-win-core-heap-l1-1-0.dll
0x000007fee2430000 - 0x000007fee2433000 	C:\Program Files\Java\jdk1.8.0_221\jre\bin\api-ms-win-core-interlocked-l1-1-0.dll
0x000007fee2420000 - 0x000007fee2423000 	C:\Program Files\Java\jdk1.8.0_221\jre\bin\api-ms-win-core-libraryloader-l1-1-0.dll
0x000007fee2410000 - 0x000007fee2413000 	C:\Program Files\Java\jdk1.8.0_221\jre\bin\api-ms-win-core-localization-l1-2-0.dll
0x000007fee2400000 - 0x000007fee2403000 	C:\Program Files\Java\jdk1.8.0_221\jre\bin\api-ms-win-core-memory-l1-1-0.dll
0x000007fee23f0000 - 0x000007fee23f3000 	C:\Program Files\Java\jdk1.8.0_221\jre\bin\api-ms-win-core-namedpipe-l1-1-0.dll
0x000007fee23e0000 - 0x000007fee23e3000 	C:\Program Files\Java\jdk1.8.0_221\jre\bin\api-ms-win-core-processenvironment-l1-1-0.dll
0x000007fee23d0000 - 0x000007fee23d3000 	C:\Program Files\Java\jdk1.8.0_221\jre\bin\api-ms-win-core-processthreads-l1-1-0.dll
0x000007fee1620000 - 0x000007fee1623000 	C:\Program Files\Java\jdk1.8.0_221\jre\bin\api-ms-win-core-processthreads-l1-1-1.dll
0x000007fee1610000 - 0x000007fee1613000 	C:\Program Files\Java\jdk1.8.0_221\jre\bin\api-ms-win-core-profile-l1-1-0.dll
0x000007fee14a0000 - 0x000007fee14a3000 	C:\Program Files\Java\jdk1.8.0_221\jre\bin\api-ms-win-core-rtlsupport-l1-1-0.dll
0x000007fee1490000 - 0x000007fee1493000 	C:\Program Files\Java\jdk1.8.0_221\jre\bin\api-ms-win-core-string-l1-1-0.dll
0x000007fee1480000 - 0x000007fee1483000 	C:\Program Files\Java\jdk1.8.0_221\jre\bin\api-ms-win-core-synch-l1-1-0.dll
0x000007fee01d0000 - 0x000007fee01d3000 	C:\Program Files\Java\jdk1.8.0_221\jre\bin\api-ms-win-core-synch-l1-2-0.dll
0x000007fee01c0000 - 0x000007fee01c3000 	C:\Program Files\Java\jdk1.8.0_221\jre\bin\api-ms-win-core-sysinfo-l1-1-0.dll
0x000007fee01b0000 - 0x000007fee01b3000 	C:\Program Files\Java\jdk1.8.0_221\jre\bin\api-ms-win-core-timezone-l1-1-0.dll
0x000007fee01a0000 - 0x000007fee01a3000 	C:\Program Files\Java\jdk1.8.0_221\jre\bin\api-ms-win-core-util-l1-1-0.dll
0x000007fee0190000 - 0x000007fee0193000 	C:\Program Files\Java\jdk1.8.0_221\jre\bin\api-ms-win-crt-conio-l1-1-0.dll
0x000007fee0180000 - 0x000007fee0184000 	C:\Program Files\Java\jdk1.8.0_221\jre\bin\api-ms-win-crt-convert-l1-1-0.dll
0x000007fee0170000 - 0x000007fee0173000 	C:\Program Files\Java\jdk1.8.0_221\jre\bin\api-ms-win-crt-environment-l1-1-0.dll
0x000007fee0160000 - 0x000007fee0163000 	C:\Program Files\Java\jdk1.8.0_221\jre\bin\api-ms-win-crt-filesystem-l1-1-0.dll
0x000007fee0150000 - 0x000007fee0153000 	C:\Program Files\Java\jdk1.8.0_221\jre\bin\api-ms-win-crt-heap-l1-1-0.dll
0x000007fee0140000 - 0x000007fee0143000 	C:\Program Files\Java\jdk1.8.0_221\jre\bin\api-ms-win-crt-locale-l1-1-0.dll
0x000007fee0130000 - 0x000007fee0135000 	C:\Program Files\Java\jdk1.8.0_221\jre\bin\api-ms-win-crt-math-l1-1-0.dll
0x000007fee0120000 - 0x000007fee0125000 	C:\Program Files\Java\jdk1.8.0_221\jre\bin\api-ms-win-crt-multibyte-l1-1-0.dll
0x000007fee0110000 - 0x000007fee0120000 	C:\Program Files\Java\jdk1.8.0_221\jre\bin\api-ms-win-crt-private-l1-1-0.dll
0x000007fee0100000 - 0x000007fee0103000 	C:\Program Files\Java\jdk1.8.0_221\jre\bin\api-ms-win-crt-process-l1-1-0.dll
0x000007fee00f0000 - 0x000007fee00f4000 	C:\Program Files\Java\jdk1.8.0_221\jre\bin\api-ms-win-crt-runtime-l1-1-0.dll
0x000007fee00b0000 - 0x000007fee00b4000 	C:\Program Files\Java\jdk1.8.0_221\jre\bin\api-ms-win-crt-stdio-l1-1-0.dll
0x000007fee00a0000 - 0x000007fee00a4000 	C:\Program Files\Java\jdk1.8.0_221\jre\bin\api-ms-win-crt-string-l1-1-0.dll
0x000007fee0090000 - 0x000007fee0093000 	C:\Program Files\Java\jdk1.8.0_221\jre\bin\api-ms-win-crt-time-l1-1-0.dll
0x000007fee0080000 - 0x000007fee0083000 	C:\Program Files\Java\jdk1.8.0_221\jre\bin\api-ms-win-crt-utility-l1-1-0.dll
0x000007fedff80000 - 0x000007fee0076000 	C:\Program Files\Java\jdk1.8.0_221\jre\bin\ucrtbase.dll
0x000007fedff60000 - 0x000007fedff76000 	C:\Program Files\Java\jdk1.8.0_221\jre\bin\vcruntime140.dll
0x000007fedc9a0000 - 0x000007fedca4a000 	C:\Program Files\Java\jdk1.8.0_221\jre\bin\msvcp140.dll
0x000007fedff00000 - 0x000007fedff54000 	C:\Program Files\Java\jdk1.8.0_221\jre\bin\concrt140.dll
0x000007fedfed0000 - 0x000007fedfef3000 	C:\Program Files\Java\jdk1.8.0_221\jre\bin\prism_d3d.dll
0x000007fef7670000 - 0x000007fef786f000 	C:\Windows\system32\d3d9.dll
0x000007fef87f0000 - 0x000007fef87f7000 	C:\Windows\system32\d3d8thk.dll
0x000007fefc4e0000 - 0x000007fefc4f8000 	C:\Windows\system32\dwmapi.dll
0x000007fefba10000 - 0x000007fefba66000 	C:\Windows\system32\uxtheme.dll
0x000007fef9210000 - 0x000007fef9372000 	C:\Windows\system32\aticfx64.dll
0x000007fee7020000 - 0x000007fee7041000 	C:\Windows\system32\atiu9p64.dll
0x000007fedf660000 - 0x000007fedfeba000 	C:\Windows\system32\atiumd64.dll
0x0000000065180000 - 0x0000000065a06000 	C:\Windows\system32\atiumd6a.dll
0x000007fefc500000 - 0x000007fefc52c000 	C:\Windows\system32\POWRPROF.dll
0x000007fefd8b0000 - 0x000007fefda87000 	C:\Windows\system32\SETUPAPI.dll
0x000007fefd590000 - 0x000007fefd5c6000 	C:\Windows\system32\CFGMGR32.dll
0x000007feffb30000 - 0x000007feffc0b000 	C:\Windows\system32\OLEAUT32.dll
0x000007fefd490000 - 0x000007fefd4aa000 	C:\Windows\system32\DEVOBJ.dll
0x000007fedc950000 - 0x000007fedc999000 	C:\Program Files\Java\jdk1.8.0_221\jre\bin\glass.dll
0x000007fefe720000 - 0x000007fefe7b7000 	C:\Windows\system32\COMDLG32.dll
0x000007fefd2d0000 - 0x000007fefd2df000 	C:\Windows\system32\CRYPTBASE.dll
0x000007fedc930000 - 0x000007fedc944000 	C:\Program Files\Java\jdk1.8.0_221\jre\bin\javafx_font.dll
0x000007fee24c0000 - 0x000007fee2658000 	C:\Windows\system32\dwrite.dll
0x000007fefce40000 - 0x000007fefce58000 	C:\Windows\system32\CRYPTSP.dll
0x000007fefc900000 - 0x000007fefc947000 	C:\Windows\system32\rsaenh.dll
0x000007fefb0d0000 - 0x000007fefb0f7000 	C:\Windows\system32\IPHLPAPI.DLL
0x000007fefb080000 - 0x000007fefb08b000 	C:\Windows\system32\WINNSI.DLL
0x000007fefaf10000 - 0x000007fefaf28000 	C:\Windows\system32\dhcpcsvc.DLL
0x000007fefaeb0000 - 0x000007fefaec1000 	C:\Windows\system32\dhcpcsvc6.DLL
0x000007fee34b0000 - 0x000007fee34c2000 	C:\Program Files\Java\jdk1.8.0_221\jre\bin\nio.dll
0x000007fedc900000 - 0x000007fedc92c000 	C:\Program Files\Java\jdk1.8.0_221\jre\bin\javafx_iio.dll
0x000007feffa90000 - 0x000007feffb29000 	C:\Windows\system32\CLBCatQ.DLL
0x000007fefabd0000 - 0x000007fefad31000 	C:\Windows\system32\WindowsCodecs.dll
0x000007fefd270000 - 0x000007fefd2c7000 	C:\Windows\system32\apphelp.dll
0x000007fef93f0000 - 0x000007fef93f9000 	C:\Program Files (x86)\Internet Download Manager\IDMShellExt64.dll
0x000007fef8700000 - 0x000007fef87c0000 	C:\Program Files\Google\Drive\googledrivesync64.dll
0x0000000073c40000 - 0x0000000073d13000 	C:\Program Files\Google\Drive\Microsoft.VC90.CRT\MSVCP90.dll
0x0000000073b90000 - 0x0000000073c33000 	C:\Program Files\Google\Drive\Microsoft.VC90.CRT\MSVCR90.dll
0x000007fef9430000 - 0x000007fef9465000 	C:\Windows\system32\EhStorShell.dll
0x000007fefbcd0000 - 0x000007fefbdfc000 	C:\Windows\system32\PROPSYS.dll
0x000007fef9190000 - 0x000007fef920e000 	C:\Windows\System32\cscui.dll
0x000007fef9560000 - 0x000007fef956c000 	C:\Windows\System32\CSCDLL.dll

VM Arguments:
jvm_args: -javaagent:C:\Users\Rahul\AppData\Local\JetBrains\Toolbox\apps\IDEA-U\ch-0\193.6015.39\lib\idea_rt.jar=52997:C:\Users\Rahul\AppData\Local\JetBrains\Toolbox\apps\IDEA-U\ch-0\193.6015.39\bin -Dfile.encoding=UTF-8 
java_command: com.rahulm.pomodoro.Main
java_class_path (initial): C:\Program Files\Java\jdk1.8.0_221\jre\lib\charsets.jar;C:\Program Files\Java\jdk1.8.0_221\jre\lib\deploy.jar;C:\Program Files\Java\jdk1.8.0_221\jre\lib\ext\access-bridge-64.jar;C:\Program Files\Java\jdk1.8.0_221\jre\lib\ext\cldrdata.jar;C:\Program Files\Java\jdk1.8.0_221\jre\lib\ext\dnsns.jar;C:\Program Files\Java\jdk1.8.0_221\jre\lib\ext\jaccess.jar;C:\Program Files\Java\jdk1.8.0_221\jre\lib\ext\jfxrt.jar;C:\Program Files\Java\jdk1.8.0_221\jre\lib\ext\localedata.jar;C:\Program Files\Java\jdk1.8.0_221\jre\lib\ext\nashorn.jar;C:\Program Files\Java\jdk1.8.0_221\jre\lib\ext\sunec.jar;C:\Program Files\Java\jdk1.8.0_221\jre\lib\ext\sunjce_provider.jar;C:\Program Files\Java\jdk1.8.0_221\jre\lib\ext\sunmscapi.jar;C:\Program Files\Java\jdk1.8.0_221\jre\lib\ext\sunpkcs11.jar;C:\Program Files\Java\jdk1.8.0_221\jre\lib\ext\zipfs.jar;C:\Program Files\Java\jdk1.8.0_221\jre\lib\javaws.jar;C:\Program Files\Java\jdk1.8.0_221\jre\lib\jce.jar;C:\Program Files\Java\jdk1.8.0_221\jre\lib\jfr.jar;C:\Program Files\Java\jdk1.8.0_221\jre\lib\jfxswt.jar;C:\Program Files\Java\jdk1.8.0_221\jre\lib\jsse.jar;C:\Program Files\Java\jdk1.8.0_221\jre\lib\management-agent.jar;C:\Program Files\Java\jdk1.8.0_221\jre\lib\plugin.jar;C:\Program Files\Java\jdk1.8.0_221\jre\lib\resources.jar;C:\Program Files\Java\jdk1.8.0_221\jre\lib\rt.jar;C:\Users\Rahul\IdeaProjects\s4v4\out\production\Pomodoro;C:\Users\Rahul\IdeaProjects\s4v4\resources\database\sqlite-jdbc-3.30.1.jar;C:\Users\Rahul\IdeaProjects\s4v4\resources\database\ucanaccess-5.0.0.jar;C:\Users\Rahul\IdeaProjects\s4v4\resources\database\commons-lang3-3.9.jar;C:\Users\Rahul\IdeaProjects\s4v4\resources\database\commons-logging-1.2.jar;C:\Users\Rahul\IdeaProjects\s4v4\resources\database\hsqldb.jar;C:\Users\Rahul\IdeaProjects\s4v4\resources\database\jackcess-3.0.1.jar;C:\Users\Rahul\AppData\Local\JetBrains\Toolbox\apps\IDEA-U\ch-0\193.6015.39\lib\idea_rt.jar
Launcher Type: SUN_STANDARD

Environment Variables:
PATH=C:\Program Files (x86)\Common Files\Oracle\Java\javapath;C:\ProgramData\Anaconda3;C:\ProgramData\Anaconda3\Library\mingw-w64\bin;C:\ProgramData\Anaconda3\Library\usr\bin;C:\ProgramData\Anaconda3\Library\bin;C:\ProgramData\Anaconda3\Scripts;C:\Program Files\Python\Python37\Scripts\;C:\Program Files\Python\Python37\;C:\Windows\system32;C:\Windows;C:\Windows\System32\Wbem;C:\Windows\System32\WindowsPowerShell\v1.0\;C:\Program Files (x86)\AMD\ATI.ACE\Core-Static;C:\MinGW;C:\Program Files\nodejs\;C:\Program Files (x86)\Microsoft SQL Server\100\Tools\Binn\;C:\Program Files\Microsoft SQL Server\100\Tools\Binn\;C:\Program Files\Microsoft SQL Server\100\DTS\Binn\;C:\Program Files\Java\jdk1.8.0_221\bin;C:\adb;C:\Program Files\Git\cmd;C:\Program Files\Java\jdk1.8.0_221\bin;C:\Users\Rahul\AppData\Local\Programs\Microsoft VS Code\bin;C:\src\flutter\bin
USERNAME=Rahul
OS=Windows_NT
PROCESSOR_IDENTIFIER=Intel64 Family 6 Model 37 Stepping 5, GenuineIntel



---------------  S Y S T E M  ---------------

OS: Windows 7 , 64 bit Build 7601 (6.1.7601.24545)

CPU:total 4 (initial active 4) (2 cores per cpu, 2 threads per core) family 6 model 37 stepping 5, cmov, cx8, fxsr, mmx, sse, sse2, sse3, ssse3, sse4.1, sse4.2, popcnt, ht, tsc, tscinvbit

Memory: 4k page, physical 4044900k(442516k free), swap 16177700k(5112k free)

vm_info: Java HotSpot(TM) 64-Bit Server VM (25.221-b11) for windows-amd64 JRE (1.8.0_221-b11), built on Jul  4 2019 04:39:29 by "java_re" with MS VC++ 10.0 (VS2010)

time: Mon Mar 09 16:19:14 2020
timezone: India Standard Time
elapsed time: 73 seconds (0d 0h 1m 13s)

